2025-06-25 12:21:35,819 [ERROR] ConfigurationRetriever:142 - IOException on connection: Connect timed out
2025-06-25 12:21:41,507 [ERROR] ConfigurationRetriever:142 - IOException on connection: Read timed out
2025-06-25 13:02:32,244 [ERROR] ConfigurationRetriever:142 - IOException on connection: Read timed out
2025-06-25 13:09:51,619 [INFO] WebApp:194 - Connection lost
2025-06-25 13:12:01,889 [INFO] WebApp:191 - Connection restablished
2025-06-25 13:37:46,408 [INFO] WebApp:194 - Connection lost
2025-06-25 14:28:19,494 [INFO] WebApp:191 - Connection restablished
2025-06-25 15:18:12,440 [ERROR] ConfigurationRetriever:142 - IOException on connection: Connect timed out
2025-06-25 15:18:14,443 [ERROR] ConfigurationRetriever:142 - IOException on connection: Connect timed out
2025-06-25 15:18:16,639 [ERROR] ConfigurationRetriever:142 - IOException on connection: Read timed out
2025-06-25 15:40:14,808 [ERROR] ConfigurationRetriever:142 - IOException on connection: Read timed out
2025-06-25 15:40:23,272 [ERROR] ConfigurationRetriever:142 - IOException on connection: Read timed out
2025-06-25 15:43:18,827 [ERROR] ConfigurationRetriever:142 - IOException on connection: sw-center.st.com
2025-06-25 15:43:18,827 [ERROR] ConfigurationRetriever:142 - IOException on connection: sw-center.st.com
2025-06-25 15:43:18,829 [ERROR] ConfigurationRetriever:142 - IOException on connection: sw-center.st.com
2025-06-25 15:43:18,847 [ERROR] ConfigurationRetriever:142 - IOException on connection: sw-center.st.com
2025-06-25 15:43:18,848 [ERROR] ConfigurationRetriever:142 - IOException on connection: sw-center.st.com
2025-06-25 15:43:18,848 [ERROR] ConfigurationRetriever:142 - IOException on connection: sw-center.st.com
2025-06-25 15:49:39,424 [ERROR] ConfigurationRetriever:142 - IOException on connection: Read timed out
2025-06-25 15:49:41,426 [ERROR] ConfigurationRetriever:142 - IOException on connection: Connect timed out
2025-06-25 15:49:43,461 [ERROR] ConfigurationRetriever:142 - IOException on connection: Connect timed out
2025-06-25 15:49:45,463 [ERROR] ConfigurationRetriever:142 - IOException on connection: Connect timed out
2025-06-25 16:08:15,606 [INFO] WebApp:194 - Connection lost
2025-06-25 16:12:03,667 [INFO] WebApp:191 - Connection restablished
2025-06-25 16:12:05,548 [INFO] WebApp:194 - Connection lost
2025-06-25 16:12:05,789 [INFO] WebApp:191 - Connection restablished
2025-06-25 16:13:48,599 [INFO] WebApp:194 - Connection lost
2025-06-25 16:13:49,001 [INFO] WebApp:191 - Connection restablished
